Tue Dec  2 19:00:01 +08 2025: [bitcoin] Attempt 1/5
Tue Dec  2 19:00:03 +08 2025: SUCCESS → bitcoin | Current: $87324.43 | High: $87578.36 | Low: $83862.25
=========================================================================
Tue Dec  2 20:00:01 +08 2025: [bitcoin] Attempt 1/5
Tue Dec  2 20:00:02 +08 2025: SUCCESS → bitcoin | Current: $87530.00 | High: $87578.36 | Low: $83862.25
=========================================================================
Tue Dec  2 21:00:02 +08 2025: [bitcoin] Attempt 1/5
Tue Dec  2 21:00:02 +08 2025: SUCCESS → bitcoin | Current: $87307.37 | High: $87578.36 | Low: $83862.25
=========================================================================
Tue Dec  2 22:00:01 +08 2025: [bitcoin] Attempt 1/5
Tue Dec  2 22:00:01 +08 2025: SUCCESS → bitcoin | Current: $87768.68 | High: $87744.06 | Low: $83862.25
=========================================================================
Tue Dec  2 23:00:01 +08 2025: [bitcoin] Attempt 1/5
Tue Dec  2 23:00:02 +08 2025: SUCCESS → bitcoin | Current: $89131.40 | High: $89229.92 | Low: $83862.25
=========================================================================
Wed Dec  3 00:00:01 +08 2025: [bitcoin] Attempt 1/5
Wed Dec  3 00:00:01 +08 2025: SUCCESS → bitcoin | Current: $90924.15 | High: $91193.79 | Low: $84071.67
=========================================================================
Wed Dec  3 01:00:01 +08 2025: [bitcoin] Attempt 1/5
Wed Dec  3 01:00:02 +08 2025: SUCCESS → bitcoin | Current: $91046.43 | High: $91268.04 | Low: $84467.08
=========================================================================
Wed Dec  3 02:00:01 +08 2025: [bitcoin] Attempt 1/5
Wed Dec  3 02:00:02 +08 2025: SUCCESS → bitcoin | Current: $91550.86 | High: $91994.54 | Low: $84634.05
=========================================================================
Wed Dec  3 03:00:01 +08 2025: [bitcoin] Attempt 1/5
Wed Dec  3 03:00:01 +08 2025: SUCCESS → bitcoin | Current: $91957.07 | High: $92213.01 | Low: $84634.05
=========================================================================
Wed Dec  3 04:00:01 +08 2025: [bitcoin] Attempt 1/5
Wed Dec  3 04:00:02 +08 2025: SUCCESS → bitcoin | Current: $91994.33 | High: $92316.63 | Low: $85007.32
=========================================================================
