Tue Dec  2 19:00:03 +08 2025: [ethereum] Attempt 1/5
Tue Dec  2 19:00:03 +08 2025: SUCCESS → ethereum | Current: $2824.77 | High: $2847.84 | Low: $2720.44
=========================================================================
Tue Dec  2 20:00:02 +08 2025: [ethereum] Attempt 1/5
Tue Dec  2 20:00:02 +08 2025: SUCCESS → ethereum | Current: $2827.92 | High: $2838.83 | Low: $2720.44
=========================================================================
Tue Dec  2 21:00:02 +08 2025: [ethereum] Attempt 1/5
Tue Dec  2 21:00:03 +08 2025: SUCCESS → ethereum | Current: $2826.01 | High: $2838.76 | Low: $2720.44
=========================================================================
Tue Dec  2 22:00:02 +08 2025: [ethereum] Attempt 1/5
Tue Dec  2 22:00:02 +08 2025: SUCCESS → ethereum | Current: $2842.08 | High: $2843.61 | Low: $2720.44
=========================================================================
Tue Dec  2 23:00:02 +08 2025: [ethereum] Attempt 1/5
Tue Dec  2 23:00:03 +08 2025: SUCCESS → ethereum | Current: $2888.59 | High: $2908.64 | Low: $2720.44
=========================================================================
Wed Dec  3 00:00:01 +08 2025: [ethereum] Attempt 1/5
Wed Dec  3 00:00:02 +08 2025: SUCCESS → ethereum | Current: $3007.84 | High: $3018.28 | Low: $2722.35
=========================================================================
Wed Dec  3 01:00:02 +08 2025: [ethereum] Attempt 1/5
Wed Dec  3 01:00:02 +08 2025: SUCCESS → ethereum | Current: $3005.63 | High: $3023.33 | Low: $2726.18
=========================================================================
Wed Dec  3 02:00:02 +08 2025: [ethereum] Attempt 1/5
Wed Dec  3 02:00:02 +08 2025: SUCCESS → ethereum | Current: $3019.61 | High: $3032.34 | Low: $2726.18
=========================================================================
Wed Dec  3 03:00:01 +08 2025: [ethereum] Attempt 1/5
Wed Dec  3 03:00:02 +08 2025: SUCCESS → ethereum | Current: $3014.70 | High: $3032.76 | Low: $2732.90
=========================================================================
Wed Dec  3 04:00:02 +08 2025: [ethereum] Attempt 1/5
Wed Dec  3 04:00:02 +08 2025: SUCCESS → ethereum | Current: $3016.98 | High: $3032.76 | Low: $2740.43
=========================================================================
